<?xml version="1.0" encoding="UTF-8"?>
<!-- Generated by org.testng.reporters.JUnitXMLReporter -->
<testsuite hostname="Makkuzz" ignored="0" name="Test" tests="6" failures="0" timestamp="2020-05-20T23:51:19 IST" time="66.278" errors="0">
  <testcase name="RentalCar" time="10.142" classname="SDETSelenium.Assignment1.TestScenarios"/>
  <testcase name="datepick" time="3.873" classname="SDETSelenium.Assignment1.TestScenarios"/>
  <testcase name="dropable" time="3.82" classname="SDETSelenium.Assignment1.TestScenarios"/>
  <testcase name="htmlContactFormNavigation" time="3.256" classname="SDETSelenium.Assignment1.TestScenarios"/>
  <testcase name="selectMenu" time="4.248" classname="SDETSelenium.Assignment1.TestScenarios"/>
  <testcase name="selectablePageNavigation" time="3.95" classname="SDETSelenium.Assignment1.TestScenarios"/>
</testsuite> <!-- Test -->
